<?xml version="1.0" encoding="UTF-8"?>
<testsuite xmlns:xsi="http://www.w3.org/2001/XMLSchema-instance" xsi:noNamespaceSchemaLocation="https://maven.apache.org/surefire/maven-surefire-plugin/xsd/surefire-test-report-3.0.xsd" version="3.0" name="com.evnts.EVntsApplicationTests" time="3.623" tests="1" errors="0" skipped="0" failures="0">
  <properties>
[...]
</properties>
  <testcase name="contextLoads" classname="com.evnts.EVntsApplicationTests" time="0.497">
    <system-out><![CDATA[20:05:28.437 [main] INFO org.springframework.test.context.support.AnnotationConfigContextLoaderUtils -- Could not detect default configuration classes for test class [com.evnts.EVntsApplicationTests]: EVntsApplicationTests does not declare any static, non-private, non-final, nested classes annotated with @Configuration.
20:05:28.505 [main] INFO org.springframework.boot.test.context.SpringBootTestContextBootstrapper -- Found @SpringBootConfiguration com.evnts.EvntsApplication for test class com.evnts.EVntsApplicationTests

  .   ____          _            __ _ _
 /\\ / ___'_ __ _ _(_)_ __  __ _ \ \ \ \
( ( )\___ | '_ | '_| | '_ \/ _` | \ \ \ \
 \\/  ___)| |_)| | | | | || (_| |  ) ) ) )
  '  |____| .__|_| |_|_| |_\__, | / / / /
 =========|_|==============|___/=/_/_/_/
 :: Spring Boot ::                (v3.1.0)

2023-06-04T20:05:28.814-03:00  INFO 22148 --- [           main] com.evnts.EVntsApplicationTests          : Starting EVntsApplicationTests using Java 17.0.7 with PID 22148 (started by welli in C:\Users\welli\IdeaProjects\e-vnts)
2023-06-04T20:05:28.815-03:00  INFO 22148 --- [           main] com.evnts.EVntsApplicationTests          : No active profile set, falling back to 1 default profile: "default"
2023-06-04T20:05:30.898-03:00  WARN 22148 --- [           main] .s.s.UserDetailsServiceAutoConfiguration : 

Using generated security password: edf3000f-1123-4300-87b0-7876b6a169cc

This generated password is for development use only. Your security configuration must be updated before running your application in production.

2023-06-04T20:05:31.130-03:00  INFO 22148 --- [           main] o.s.b.a.e.web.EndpointLinksResolver      : Exposing 1 endpoint(s) beneath base path '/actuator'
2023-06-04T20:05:31.148-03:00  INFO 22148 --- [           main] o.s.s.web.DefaultSecurityFilterChain     : Will secure any request with [org.springframework.security.web.session.DisableEncodeUrlFilter@45bd4753, org.springframework.security.web.context.request.async.WebAsyncManagerIntegrationFilter@156cfa20, org.springframework.security.web.context.SecurityContextHolderFilter@2712e8f4, org.springframework.security.web.header.HeaderWriterFilter@149d7cc6, org.springframework.web.filter.CorsFilter@25fd6d1e, org.springframework.security.web.csrf.CsrfFilter@62faf77, org.springframework.security.web.authentication.logout.LogoutFilter@6d8b7ea9, org.springframework.security.web.authentication.UsernamePasswordAuthenticationFilter@66715ca9, org.springframework.security.web.authentication.ui.DefaultLoginPageGeneratingFilter@1d2def55, org.springframework.security.web.authentication.ui.DefaultLogoutPageGeneratingFilter@23396fc0, org.springframework.security.web.authentication.www.BasicAuthenticationFilter@41a23470, org.springframework.security.web.savedrequest.RequestCacheAwareFilter@44b9c7c4, org.springframework.security.web.servletapi.SecurityContextHolderAwareRequestFilter@5238896f, org.springframework.security.web.authentication.AnonymousAuthenticationFilter@c11332b, org.springframework.security.web.access.ExceptionTranslationFilter@602298b, org.springframework.security.web.access.intercept.AuthorizationFilter@42cc5460]
2023-06-04T20:05:31.344-03:00  INFO 22148 --- [           main] com.evnts.EVntsApplicationTests          : Started EVntsApplicationTests in 2.713 seconds (process running for 3.417)
]]></system-out>
  </testcase>
</testsuite>